<?xml version="1.0" encoding="UTF-8"?>
<testng-results skipped="0" failed="0" ignored="0" total="0" passed="0">
  <reporter-output>
  </reporter-output>
  <suite name="com.techfios.Session6.AppTest" duration-ms="3" started-at="2020-07-08T00:37:47Z" finished-at="2020-07-08T00:37:47Z">
    <groups>
    </groups>
    <test name="Command line test" duration-ms="3" started-at="2020-07-08T00:37:47Z" finished-at="2020-07-08T00:37:47Z">
    </test> <!-- Command line test -->
  </suite> <!-- com.techfios.Session6.AppTest -->
</testng-results>
